2012/10/24 18:33:40 [error] [exception.CHttpException.404] exception 'CHttpException' with message 'Unable to resolve the request "themes/web/css/images/ui-bg_flat_75_ffffff_40x100.png".' in /home/bespoker/framework/web/CWebApplication.php:281
Stack trace:
#0 /home/bespoker/framework/web/CWebApplication.php(136): CWebApplication->runController('themes/web/css/...')
#1 /home/bespoker/framework/base/CApplication.php(158): CWebApplication->processRequest()
#2 /home/bespoker/public_html/index.php(12): CApplication->run()
#3 {main} REQUEST_URI=/themes/web/css/images/ui-bg_flat_75_ffffff_40x100.png
2012/10/24 18:34:26 [error] [exception.CHttpException.404] exception 'CHttpException' with message 'Unable to resolve the request "themes/web/css/images/ui-bg_flat_75_ffffff_40x100.png".' in /home/bespoker/framework/web/CWebApplication.php:281
Stack trace:
#0 /home/bespoker/framework/web/CWebApplication.php(136): CWebApplication->runController('themes/web/css/...')
#1 /home/bespoker/framework/base/CApplication.php(158): CWebApplication->processRequest()
#2 /home/bespoker/public_html/index.php(12): CApplication->run()
#3 {main} REQUEST_URI=/themes/web/css/images/ui-bg_flat_75_ffffff_40x100.png
2012/10/24 18:34:44 [error] [exception.CHttpException.404] exception 'CHttpException' with message 'Unable to resolve the request "themes/web/css/images/ui-bg_flat_75_ffffff_40x100.png".' in /home/bespoker/framework/web/CWebApplication.php:281
Stack trace:
#0 /home/bespoker/framework/web/CWebApplication.php(136): CWebApplication->runController('themes/web/css/...')
#1 /home/bespoker/framework/base/CApplication.php(158): CWebApplication->processRequest()
#2 /home/bespoker/public_html/index.php(12): CApplication->run()
#3 {main} REQUEST_URI=/themes/web/css/images/ui-bg_flat_75_ffffff_40x100.png
2012/10/24 21:25:41 [error] [exception.CException] exception 'CException' with message 'CAssetManager.basePath "/var/www/bespokeregistry.co.za/assets" is invalid. Please make sure the directory exists and is writable by the Web server process.' in /var/www/framework/web/CAssetManager.php:128
Stack trace:
#0 /var/www/framework/web/CAssetManager.php(113): CAssetManager->setBasePath('/var/www/bespok...')
#1 /var/www/framework/web/CAssetManager.php(235): CAssetManager->getBasePath()
#2 /var/www/framework/web/CClientScript.php(463): CAssetManager->publish('/var/www/framew...')
#3 /var/www/framework/web/CClientScript.php(500): CClientScript->getCoreScriptUrl()
#4 /var/www/framework/web/CClientScript.php(316): CClientScript->getPackageBaseUrl('jquery')
#5 /var/www/framework/web/CClientScript.php(209): CClientScript->renderCoreScripts()
#6 /var/www/framework/web/CController.php(352): CClientScript->render('<!DOCTYPE html ...')
#7 /var/www/framework/web/CController.php(789): CController->processOutput('<!DOCTYPE html ...')
#8 /var/www/bespokeregistry.co.za/protected/controllers/SiteController.php(37): CController->render('index')
#9 /var/www/framework/web/actions/CInlineAction.php(50): SiteController->actionIndex()
#10 /var/www/framework/web/CController.php(309): CInlineAction->runWithParams(Array)
#11 /var/www/framework/web/CController.php(287): CController->runAction(Object(CInlineAction))
#12 /var/www/framework/web/CController.php(266): CController->runActionWithFilters(Object(CInlineAction), Array)
#13 /var/www/framework/web/CWebApplication.php(283): CController->run('')
#14 /var/www/framework/web/CWebApplication.php(142): CWebApplication->runController('')
#15 /var/www/framework/base/CApplication.php(162): CWebApplication->processRequest()
#16 /var/www/bespokeregistry.co.za/index.php(12): CApplication->run()
#17 {main}
REQUEST_URI=/
---
2012/10/24 21:26:33 [error] [exception.CException] exception 'CException' with message 'CAssetManager.basePath "/var/www/bespokeregistry.co.za/assets" is invalid. Please make sure the directory exists and is writable by the Web server process.' in /var/www/framework/web/CAssetManager.php:128
Stack trace:
#0 /var/www/framework/web/CAssetManager.php(113): CAssetManager->setBasePath('/var/www/bespok...')
#1 /var/www/framework/web/CAssetManager.php(235): CAssetManager->getBasePath()
#2 /var/www/framework/web/CClientScript.php(463): CAssetManager->publish('/var/www/framew...')
#3 /var/www/framework/web/CClientScript.php(500): CClientScript->getCoreScriptUrl()
#4 /var/www/framework/web/CClientScript.php(316): CClientScript->getPackageBaseUrl('jquery')
#5 /var/www/framework/web/CClientScript.php(209): CClientScript->renderCoreScripts()
#6 /var/www/framework/web/CController.php(352): CClientScript->render('<!DOCTYPE html ...')
#7 /var/www/framework/web/CController.php(789): CController->processOutput('<!DOCTYPE html ...')
#8 /var/www/bespokeregistry.co.za/protected/controllers/SiteController.php(37): CController->render('index')
#9 /var/www/framework/web/actions/CInlineAction.php(50): SiteController->actionIndex()
#10 /var/www/framework/web/CController.php(309): CInlineAction->runWithParams(Array)
#11 /var/www/framework/web/CController.php(287): CController->runAction(Object(CInlineAction))
#12 /var/www/framework/web/CController.php(266): CController->runActionWithFilters(Object(CInlineAction), Array)
#13 /var/www/framework/web/CWebApplication.php(283): CController->run('')
#14 /var/www/framework/web/CWebApplication.php(142): CWebApplication->runController('')
#15 /var/www/framework/base/CApplication.php(162): CWebApplication->processRequest()
#16 /var/www/bespokeregistry.co.za/index.php(12): CApplication->run()
#17 {main}
REQUEST_URI=/
---
